2020-07-02 08:54:50,227 INFO 10344 [egg-schedule]: register schedule F:\项目练习\shoppingmall\server\node_modules\_egg-multipart@2.10.3@egg-multipart\app\schedule\clean_tmpdir.js
2020-07-02 08:54:50,227 INFO 10344 [egg-schedule]: register schedule F:\项目练习\shoppingmall\server\node_modules\_egg-logrotator@3.1.0@egg-logrotator\app\schedule\clean_log.js
2020-07-02 08:54:50,227 INFO 10344 [egg-schedule]: register schedule F:\项目练习\shoppingmall\server\node_modules\_egg-logrotator@3.1.0@egg-logrotator\app\schedule\rotate_by_file.js
2020-07-02 08:54:56,311 INFO 2604 [Timer] F:\项目练习\shoppingmall\server\node_modules\_egg-multipart@2.10.3@egg-multipart\app\schedule\clean_tmpdir.js next time will execute after 70503692ms at 2020-07-03 04:30:00.003
2020-07-02 08:54:56,311 INFO 2604 [Timer] F:\项目练习\shoppingmall\server\node_modules\_egg-logrotator@3.1.0@egg-logrotator\app\schedule\clean_log.js next time will execute after 54303689ms at 2020-07-03 00:00:00.000
2020-07-02 08:54:56,312 INFO 2604 [Timer] F:\项目练习\shoppingmall\server\node_modules\_egg-logrotator@3.1.0@egg-logrotator\app\schedule\rotate_by_file.js next time will execute after 54304689ms at 2020-07-03 00:00:01.001
2020-07-03 08:51:28,142 INFO 8212 [egg-schedule]: register schedule F:\项目练习\shoppingmall\server\node_modules\_egg-multipart@2.10.3@egg-multipart\app\schedule\clean_tmpdir.js
2020-07-03 08:51:28,142 INFO 8212 [egg-schedule]: register schedule F:\项目练习\shoppingmall\server\node_modules\_egg-logrotator@3.1.0@egg-logrotator\app\schedule\clean_log.js
2020-07-03 08:51:28,142 INFO 8212 [egg-schedule]: register schedule F:\项目练习\shoppingmall\server\node_modules\_egg-logrotator@3.1.0@egg-logrotator\app\schedule\rotate_by_file.js
2020-07-03 08:51:34,241 INFO 17128 [Timer] F:\项目练习\shoppingmall\server\node_modules\_egg-multipart@2.10.3@egg-multipart\app\schedule\clean_tmpdir.js next time will execute after 70705761ms at 2020-07-04 04:30:00.002
2020-07-03 08:51:34,242 INFO 17128 [Timer] F:\项目练习\shoppingmall\server\node_modules\_egg-logrotator@3.1.0@egg-logrotator\app\schedule\clean_log.js next time will execute after 54505758ms at 2020-07-04 00:00:00.000
2020-07-03 08:51:34,242 INFO 17128 [Timer] F:\项目练习\shoppingmall\server\node_modules\_egg-logrotator@3.1.0@egg-logrotator\app\schedule\rotate_by_file.js next time will execute after 54506758ms at 2020-07-04 00:00:01.000
2020-11-08 15:09:50,928 INFO 9196 [egg-schedule]: register schedule C:\Users\ZZH\Desktop\shoppingMall-master\server\node_modules\_egg-multipart@2.10.3@egg-multipart\app\schedule\clean_tmpdir.js
2020-11-08 15:09:50,928 INFO 9196 [egg-schedule]: register schedule C:\Users\ZZH\Desktop\shoppingMall-master\server\node_modules\_egg-logrotator@3.1.0@egg-logrotator\app\schedule\clean_log.js
2020-11-08 15:09:50,928 INFO 9196 [egg-schedule]: register schedule C:\Users\ZZH\Desktop\shoppingMall-master\server\node_modules\_egg-logrotator@3.1.0@egg-logrotator\app\schedule\rotate_by_file.js
2020-11-08 15:09:51,887 INFO 17452 [Timer] C:\Users\ZZH\Desktop\shoppingMall-master\server\node_modules\_egg-multipart@2.10.3@egg-multipart\app\schedule\clean_tmpdir.js next time will execute after 48008118ms at 2020-11-09 04:30:00.005
2020-11-08 15:09:51,888 INFO 17452 [Timer] C:\Users\ZZH\Desktop\shoppingMall-master\server\node_modules\_egg-logrotator@3.1.0@egg-logrotator\app\schedule\clean_log.js next time will execute after 31808113ms at 2020-11-09 00:00:00.001
2020-11-08 15:09:51,888 INFO 17452 [Timer] C:\Users\ZZH\Desktop\shoppingMall-master\server\node_modules\_egg-logrotator@3.1.0@egg-logrotator\app\schedule\rotate_by_file.js next time will execute after 31809112ms at 2020-11-09 00:00:01.000
2020-11-08 18:11:13,246 INFO 9836 [egg-schedule]: register schedule C:\Users\ZZH\Desktop\shoppingMall-master\server\node_modules\_egg-multipart@2.10.3@egg-multipart\app\schedule\clean_tmpdir.js
2020-11-08 18:11:13,246 INFO 9836 [egg-schedule]: register schedule C:\Users\ZZH\Desktop\shoppingMall-master\server\node_modules\_egg-logrotator@3.1.0@egg-logrotator\app\schedule\clean_log.js
2020-11-08 18:11:13,246 INFO 9836 [egg-schedule]: register schedule C:\Users\ZZH\Desktop\shoppingMall-master\server\node_modules\_egg-logrotator@3.1.0@egg-logrotator\app\schedule\rotate_by_file.js
2020-11-08 18:11:19,055 INFO 2884 [Timer] C:\Users\ZZH\Desktop\shoppingMall-master\server\node_modules\_egg-multipart@2.10.3@egg-multipart\app\schedule\clean_tmpdir.js next time will execute after 37120954ms at 2020-11-09 04:30:00.009
2020-11-08 18:11:19,056 INFO 2884 [Timer] C:\Users\ZZH\Desktop\shoppingMall-master\server\node_modules\_egg-logrotator@3.1.0@egg-logrotator\app\schedule\clean_log.js next time will execute after 20920944ms at 2020-11-09 00:00:00.000
2020-11-08 18:11:19,057 INFO 2884 [Timer] C:\Users\ZZH\Desktop\shoppingMall-master\server\node_modules\_egg-logrotator@3.1.0@egg-logrotator\app\schedule\rotate_by_file.js next time will execute after 20921944ms at 2020-11-09 00:00:01.001
2020-11-08 22:31:38,618 INFO 6828 [egg-schedule]: register schedule C:\Users\ZZH\Desktop\shoppingMall-master\server\node_modules\_egg-multipart@2.10.3@egg-multipart\app\schedule\clean_tmpdir.js
2020-11-08 22:31:38,618 INFO 6828 [egg-schedule]: register schedule C:\Users\ZZH\Desktop\shoppingMall-master\server\node_modules\_egg-logrotator@3.1.0@egg-logrotator\app\schedule\clean_log.js
2020-11-08 22:31:38,618 INFO 6828 [egg-schedule]: register schedule C:\Users\ZZH\Desktop\shoppingMall-master\server\node_modules\_egg-logrotator@3.1.0@egg-logrotator\app\schedule\rotate_by_file.js
2020-11-08 22:31:40,265 INFO 19116 [Timer] C:\Users\ZZH\Desktop\shoppingMall-master\server\node_modules\_egg-multipart@2.10.3@egg-multipart\app\schedule\clean_tmpdir.js next time will execute after 21499736ms at 2020-11-09 04:30:00.001
2020-11-08 22:31:40,266 INFO 19116 [Timer] C:\Users\ZZH\Desktop\shoppingMall-master\server\node_modules\_egg-logrotator@3.1.0@egg-logrotator\app\schedule\clean_log.js next time will execute after 5299734ms at 2020-11-09 00:00:00.000
2020-11-08 22:31:40,266 INFO 19116 [Timer] C:\Users\ZZH\Desktop\shoppingMall-master\server\node_modules\_egg-logrotator@3.1.0@egg-logrotator\app\schedule\rotate_by_file.js next time will execute after 5300734ms at 2020-11-09 00:00:01.000
2020-11-08 22:40:52,320 INFO 20008 [egg-schedule]: register schedule C:\Users\ZZH\Desktop\shoppingMall-master\server\node_modules\_egg-multipart@2.10.3@egg-multipart\app\schedule\clean_tmpdir.js
2020-11-08 22:40:52,320 INFO 20008 [egg-schedule]: register schedule C:\Users\ZZH\Desktop\shoppingMall-master\server\node_modules\_egg-logrotator@3.1.0@egg-logrotator\app\schedule\clean_log.js
2020-11-08 22:40:52,320 INFO 20008 [egg-schedule]: register schedule C:\Users\ZZH\Desktop\shoppingMall-master\server\node_modules\_egg-logrotator@3.1.0@egg-logrotator\app\schedule\rotate_by_file.js
2020-11-08 22:40:53,172 INFO 19020 [Timer] C:\Users\ZZH\Desktop\shoppingMall-master\server\node_modules\_egg-multipart@2.10.3@egg-multipart\app\schedule\clean_tmpdir.js next time will execute after 20946830ms at 2020-11-09 04:30:00.002
2020-11-08 22:40:53,172 INFO 19020 [Timer] C:\Users\ZZH\Desktop\shoppingMall-master\server\node_modules\_egg-logrotator@3.1.0@egg-logrotator\app\schedule\clean_log.js next time will execute after 4746828ms at 2020-11-09 00:00:00.000
2020-11-08 22:40:53,172 INFO 19020 [Timer] C:\Users\ZZH\Desktop\shoppingMall-master\server\node_modules\_egg-logrotator@3.1.0@egg-logrotator\app\schedule\rotate_by_file.js next time will execute after 4747828ms at 2020-11-09 00:00:01.000
2020-11-09 08:34:34,958 INFO 14144 [egg-schedule]: register schedule C:\Users\ZZH\Desktop\shoppingMall-master\server\node_modules\_egg-multipart@2.10.3@egg-multipart\app\schedule\clean_tmpdir.js
2020-11-09 08:34:34,958 INFO 14144 [egg-schedule]: register schedule C:\Users\ZZH\Desktop\shoppingMall-master\server\node_modules\_egg-logrotator@3.1.0@egg-logrotator\app\schedule\clean_log.js
2020-11-09 08:34:34,958 INFO 14144 [egg-schedule]: register schedule C:\Users\ZZH\Desktop\shoppingMall-master\server\node_modules\_egg-logrotator@3.1.0@egg-logrotator\app\schedule\rotate_by_file.js
2020-11-09 08:34:36,212 INFO 9584 [Timer] C:\Users\ZZH\Desktop\shoppingMall-master\server\node_modules\_egg-multipart@2.10.3@egg-multipart\app\schedule\clean_tmpdir.js next time will execute after 71723790ms at 2020-11-10 04:30:00.002
2020-11-09 08:34:36,212 INFO 9584 [Timer] C:\Users\ZZH\Desktop\shoppingMall-master\server\node_modules\_egg-logrotator@3.1.0@egg-logrotator\app\schedule\clean_log.js next time will execute after 55523788ms at 2020-11-10 00:00:00.000
2020-11-09 08:34:36,213 INFO 9584 [Timer] C:\Users\ZZH\Desktop\shoppingMall-master\server\node_modules\_egg-logrotator@3.1.0@egg-logrotator\app\schedule\rotate_by_file.js next time will execute after 55524788ms at 2020-11-10 00:00:01.001
2020-11-09 13:06:42,518 INFO 17516 [egg-schedule]: register schedule C:\Users\ZZH\Desktop\shoppingMall-master\server\node_modules\_egg-multipart@2.10.3@egg-multipart\app\schedule\clean_tmpdir.js
2020-11-09 13:06:42,518 INFO 17516 [egg-schedule]: register schedule C:\Users\ZZH\Desktop\shoppingMall-master\server\node_modules\_egg-logrotator@3.1.0@egg-logrotator\app\schedule\clean_log.js
2020-11-09 13:06:42,518 INFO 17516 [egg-schedule]: register schedule C:\Users\ZZH\Desktop\shoppingMall-master\server\node_modules\_egg-logrotator@3.1.0@egg-logrotator\app\schedule\rotate_by_file.js
2020-11-09 13:06:44,221 INFO 19636 [Timer] C:\Users\ZZH\Desktop\shoppingMall-master\server\node_modules\_egg-multipart@2.10.3@egg-multipart\app\schedule\clean_tmpdir.js next time will execute after 55395782ms at 2020-11-10 04:30:00.003
2020-11-09 13:06:44,221 INFO 19636 [Timer] C:\Users\ZZH\Desktop\shoppingMall-master\server\node_modules\_egg-logrotator@3.1.0@egg-logrotator\app\schedule\clean_log.js next time will execute after 39195779ms at 2020-11-10 00:00:00.000
2020-11-09 13:06:44,222 INFO 19636 [Timer] C:\Users\ZZH\Desktop\shoppingMall-master\server\node_modules\_egg-logrotator@3.1.0@egg-logrotator\app\schedule\rotate_by_file.js next time will execute after 39196779ms at 2020-11-10 00:00:01.001
2020-11-10 08:42:08,800 INFO 5880 [egg-schedule]: register schedule C:\Users\ZZH\Desktop\shoppingMall-master\server\node_modules\_egg-multipart@2.10.3@egg-multipart\app\schedule\clean_tmpdir.js
2020-11-10 08:42:08,800 INFO 5880 [egg-schedule]: register schedule C:\Users\ZZH\Desktop\shoppingMall-master\server\node_modules\_egg-logrotator@3.1.0@egg-logrotator\app\schedule\clean_log.js
2020-11-10 08:42:08,800 INFO 5880 [egg-schedule]: register schedule C:\Users\ZZH\Desktop\shoppingMall-master\server\node_modules\_egg-logrotator@3.1.0@egg-logrotator\app\schedule\rotate_by_file.js
2020-11-10 08:42:10,310 INFO 5748 [Timer] C:\Users\ZZH\Desktop\shoppingMall-master\server\node_modules\_egg-multipart@2.10.3@egg-multipart\app\schedule\clean_tmpdir.js next time will execute after 71269692ms at 2020-11-11 04:30:00.002
2020-11-10 08:42:10,310 INFO 5748 [Timer] C:\Users\ZZH\Desktop\shoppingMall-master\server\node_modules\_egg-logrotator@3.1.0@egg-logrotator\app\schedule\clean_log.js next time will execute after 55069690ms at 2020-11-11 00:00:00.000
2020-11-10 08:42:10,311 INFO 5748 [Timer] C:\Users\ZZH\Desktop\shoppingMall-master\server\node_modules\_egg-logrotator@3.1.0@egg-logrotator\app\schedule\rotate_by_file.js next time will execute after 55070690ms at 2020-11-11 00:00:01.001
2020-11-10 13:45:21,408 INFO 15388 [egg-schedule]: register schedule C:\Users\ZZH\Desktop\shoppingMall-master\server\node_modules\_egg-multipart@2.10.3@egg-multipart\app\schedule\clean_tmpdir.js
2020-11-10 13:45:21,408 INFO 15388 [egg-schedule]: register schedule C:\Users\ZZH\Desktop\shoppingMall-master\server\node_modules\_egg-logrotator@3.1.0@egg-logrotator\app\schedule\clean_log.js
2020-11-10 13:45:21,408 INFO 15388 [egg-schedule]: register schedule C:\Users\ZZH\Desktop\shoppingMall-master\server\node_modules\_egg-logrotator@3.1.0@egg-logrotator\app\schedule\rotate_by_file.js
2020-11-10 13:45:22,987 INFO 10280 [Timer] C:\Users\ZZH\Desktop\shoppingMall-master\server\node_modules\_egg-multipart@2.10.3@egg-multipart\app\schedule\clean_tmpdir.js next time will execute after 53077020ms at 2020-11-11 04:30:00.007
2020-11-10 13:45:22,988 INFO 10280 [Timer] C:\Users\ZZH\Desktop\shoppingMall-master\server\node_modules\_egg-logrotator@3.1.0@egg-logrotator\app\schedule\clean_log.js next time will execute after 36877013ms at 2020-11-11 00:00:00.001
2020-11-10 13:45:22,988 INFO 10280 [Timer] C:\Users\ZZH\Desktop\shoppingMall-master\server\node_modules\_egg-logrotator@3.1.0@egg-logrotator\app\schedule\rotate_by_file.js next time will execute after 36878012ms at 2020-11-11 00:00:01.000
2020-11-11 08:37:40,718 INFO 10336 [egg-schedule]: register schedule C:\Users\ZZH\Desktop\shoppingMall-master\server\node_modules\_egg-multipart@2.10.3@egg-multipart\app\schedule\clean_tmpdir.js
2020-11-11 08:37:40,718 INFO 10336 [egg-schedule]: register schedule C:\Users\ZZH\Desktop\shoppingMall-master\server\node_modules\_egg-logrotator@3.1.0@egg-logrotator\app\schedule\clean_log.js
2020-11-11 08:37:40,718 INFO 10336 [egg-schedule]: register schedule C:\Users\ZZH\Desktop\shoppingMall-master\server\node_modules\_egg-logrotator@3.1.0@egg-logrotator\app\schedule\rotate_by_file.js
2020-11-11 08:37:42,300 INFO 14472 [Timer] C:\Users\ZZH\Desktop\shoppingMall-master\server\node_modules\_egg-multipart@2.10.3@egg-multipart\app\schedule\clean_tmpdir.js next time will execute after 71537702ms at 2020-11-12 04:30:00.002
2020-11-11 08:37:42,301 INFO 14472 [Timer] C:\Users\ZZH\Desktop\shoppingMall-master\server\node_modules\_egg-logrotator@3.1.0@egg-logrotator\app\schedule\clean_log.js next time will execute after 55337700ms at 2020-11-12 00:00:00.001
2020-11-11 08:37:42,301 INFO 14472 [Timer] C:\Users\ZZH\Desktop\shoppingMall-master\server\node_modules\_egg-logrotator@3.1.0@egg-logrotator\app\schedule\rotate_by_file.js next time will execute after 55338699ms at 2020-11-12 00:00:01.000
2020-11-12 08:34:07,363 INFO 11404 [egg-schedule]: register schedule C:\Users\ZZH\Desktop\shoppingMall-master\server\node_modules\_egg-multipart@2.10.3@egg-multipart\app\schedule\clean_tmpdir.js
2020-11-12 08:34:07,363 INFO 11404 [egg-schedule]: register schedule C:\Users\ZZH\Desktop\shoppingMall-master\server\node_modules\_egg-logrotator@3.1.0@egg-logrotator\app\schedule\clean_log.js
2020-11-12 08:34:07,363 INFO 11404 [egg-schedule]: register schedule C:\Users\ZZH\Desktop\shoppingMall-master\server\node_modules\_egg-logrotator@3.1.0@egg-logrotator\app\schedule\rotate_by_file.js
2020-11-12 08:34:08,693 INFO 13944 [Timer] C:\Users\ZZH\Desktop\shoppingMall-master\server\node_modules\_egg-multipart@2.10.3@egg-multipart\app\schedule\clean_tmpdir.js next time will execute after 71751309ms at 2020-11-13 04:30:00.002
2020-11-12 08:34:08,694 INFO 13944 [Timer] C:\Users\ZZH\Desktop\shoppingMall-master\server\node_modules\_egg-logrotator@3.1.0@egg-logrotator\app\schedule\clean_log.js next time will execute after 55551307ms at 2020-11-13 00:00:00.001
2020-11-12 08:34:08,694 INFO 13944 [Timer] C:\Users\ZZH\Desktop\shoppingMall-master\server\node_modules\_egg-logrotator@3.1.0@egg-logrotator\app\schedule\rotate_by_file.js next time will execute after 55552306ms at 2020-11-13 00:00:01.000
2020-11-13 08:43:41,921 INFO 2356 [egg-schedule]: register schedule C:\Users\ZZH\Desktop\shoppingMall-master\server\node_modules\_egg-multipart@2.10.3@egg-multipart\app\schedule\clean_tmpdir.js
2020-11-13 08:43:41,921 INFO 2356 [egg-schedule]: register schedule C:\Users\ZZH\Desktop\shoppingMall-master\server\node_modules\_egg-logrotator@3.1.0@egg-logrotator\app\schedule\clean_log.js
2020-11-13 08:43:41,921 INFO 2356 [egg-schedule]: register schedule C:\Users\ZZH\Desktop\shoppingMall-master\server\node_modules\_egg-logrotator@3.1.0@egg-logrotator\app\schedule\rotate_by_file.js
2020-11-13 08:43:46,293 INFO 6000 [Timer] C:\Users\ZZH\Desktop\shoppingMall-master\server\node_modules\_egg-multipart@2.10.3@egg-multipart\app\schedule\clean_tmpdir.js next time will execute after 71173712ms at 2020-11-14 04:30:00.005
2020-11-13 08:43:46,294 INFO 6000 [Timer] C:\Users\ZZH\Desktop\shoppingMall-master\server\node_modules\_egg-logrotator@3.1.0@egg-logrotator\app\schedule\clean_log.js next time will execute after 54973707ms at 2020-11-14 00:00:00.001
2020-11-13 08:43:46,295 INFO 6000 [Timer] C:\Users\ZZH\Desktop\shoppingMall-master\server\node_modules\_egg-logrotator@3.1.0@egg-logrotator\app\schedule\rotate_by_file.js next time will execute after 54974706ms at 2020-11-14 00:00:01.001
2020-11-14 11:01:21,979 INFO 1892 [egg-schedule]: register schedule C:\Users\ZZH\Desktop\shoppingMall-master\server\node_modules\_egg-multipart@2.10.3@egg-multipart\app\schedule\clean_tmpdir.js
2020-11-14 11:01:21,979 INFO 1892 [egg-schedule]: register schedule C:\Users\ZZH\Desktop\shoppingMall-master\server\node_modules\_egg-logrotator@3.1.0@egg-logrotator\app\schedule\clean_log.js
2020-11-14 11:01:21,979 INFO 1892 [egg-schedule]: register schedule C:\Users\ZZH\Desktop\shoppingMall-master\server\node_modules\_egg-logrotator@3.1.0@egg-logrotator\app\schedule\rotate_by_file.js
2020-11-14 11:01:27,618 INFO 9600 [Timer] C:\Users\ZZH\Desktop\shoppingMall-master\server\node_modules\_egg-multipart@2.10.3@egg-multipart\app\schedule\clean_tmpdir.js next time will execute after 62912386ms at 2020-11-15 04:30:00.004
2020-11-14 11:01:27,619 INFO 9600 [Timer] C:\Users\ZZH\Desktop\shoppingMall-master\server\node_modules\_egg-logrotator@3.1.0@egg-logrotator\app\schedule\clean_log.js next time will execute after 46712381ms at 2020-11-15 00:00:00.000
2020-11-14 11:01:27,620 INFO 9600 [Timer] C:\Users\ZZH\Desktop\shoppingMall-master\server\node_modules\_egg-logrotator@3.1.0@egg-logrotator\app\schedule\rotate_by_file.js next time will execute after 46713381ms at 2020-11-15 00:00:01.001
2020-11-16 09:23:17,450 INFO 2996 [egg-schedule]: register schedule C:\Users\ZZH\Desktop\shoppingMall-master\server\node_modules\_egg-multipart@2.10.3@egg-multipart\app\schedule\clean_tmpdir.js
2020-11-16 09:23:17,450 INFO 2996 [egg-schedule]: register schedule C:\Users\ZZH\Desktop\shoppingMall-master\server\node_modules\_egg-logrotator@3.1.0@egg-logrotator\app\schedule\clean_log.js
2020-11-16 09:23:17,450 INFO 2996 [egg-schedule]: register schedule C:\Users\ZZH\Desktop\shoppingMall-master\server\node_modules\_egg-logrotator@3.1.0@egg-logrotator\app\schedule\rotate_by_file.js
2020-11-16 09:23:18,906 INFO 10412 [Timer] C:\Users\ZZH\Desktop\shoppingMall-master\server\node_modules\_egg-multipart@2.10.3@egg-multipart\app\schedule\clean_tmpdir.js next time will execute after 68801096ms at 2020-11-17 04:30:00.002
2020-11-16 09:23:18,907 INFO 10412 [Timer] C:\Users\ZZH\Desktop\shoppingMall-master\server\node_modules\_egg-logrotator@3.1.0@egg-logrotator\app\schedule\clean_log.js next time will execute after 52601093ms at 2020-11-17 00:00:00.000
2020-11-16 09:23:18,907 INFO 10412 [Timer] C:\Users\ZZH\Desktop\shoppingMall-master\server\node_modules\_egg-logrotator@3.1.0@egg-logrotator\app\schedule\rotate_by_file.js next time will execute after 52602093ms at 2020-11-17 00:00:01.000
2020-11-17 08:28:57,229 INFO 13632 [egg-schedule]: register schedule C:\Users\ZZH\Desktop\shoppingMall-master\server\node_modules\_egg-multipart@2.10.3@egg-multipart\app\schedule\clean_tmpdir.js
2020-11-17 08:28:57,229 INFO 13632 [egg-schedule]: register schedule C:\Users\ZZH\Desktop\shoppingMall-master\server\node_modules\_egg-logrotator@3.1.0@egg-logrotator\app\schedule\clean_log.js
2020-11-17 08:28:57,229 INFO 13632 [egg-schedule]: register schedule C:\Users\ZZH\Desktop\shoppingMall-master\server\node_modules\_egg-logrotator@3.1.0@egg-logrotator\app\schedule\rotate_by_file.js
2020-11-17 08:29:00,810 INFO 2596 [Timer] C:\Users\ZZH\Desktop\shoppingMall-master\server\node_modules\_egg-multipart@2.10.3@egg-multipart\app\schedule\clean_tmpdir.js next time will execute after 72059196ms at 2020-11-18 04:30:00.006
2020-11-17 08:29:00,811 INFO 2596 [Timer] C:\Users\ZZH\Desktop\shoppingMall-master\server\node_modules\_egg-logrotator@3.1.0@egg-logrotator\app\schedule\clean_log.js next time will execute after 55859190ms at 2020-11-18 00:00:00.001
2020-11-17 08:29:00,812 INFO 2596 [Timer] C:\Users\ZZH\Desktop\shoppingMall-master\server\node_modules\_egg-logrotator@3.1.0@egg-logrotator\app\schedule\rotate_by_file.js next time will execute after 55860189ms at 2020-11-18 00:00:01.001
2020-11-18 10:58:22,403 INFO 14256 [egg-schedule]: register schedule C:\Users\ZZH\Desktop\shoppingMall-master\server\node_modules\_egg-multipart@2.10.3@egg-multipart\app\schedule\clean_tmpdir.js
2020-11-18 10:58:22,403 INFO 14256 [egg-schedule]: register schedule C:\Users\ZZH\Desktop\shoppingMall-master\server\node_modules\_egg-logrotator@3.1.0@egg-logrotator\app\schedule\clean_log.js
2020-11-18 10:58:22,403 INFO 14256 [egg-schedule]: register schedule C:\Users\ZZH\Desktop\shoppingMall-master\server\node_modules\_egg-logrotator@3.1.0@egg-logrotator\app\schedule\rotate_by_file.js
2020-11-18 10:58:28,768 INFO 7768 [Timer] C:\Users\ZZH\Desktop\shoppingMall-master\server\node_modules\_egg-multipart@2.10.3@egg-multipart\app\schedule\clean_tmpdir.js next time will execute after 63091237ms at 2020-11-19 04:30:00.005
2020-11-18 10:58:28,768 INFO 7768 [Timer] C:\Users\ZZH\Desktop\shoppingMall-master\server\node_modules\_egg-logrotator@3.1.0@egg-logrotator\app\schedule\clean_log.js next time will execute after 46891232ms at 2020-11-19 00:00:00.000
2020-11-18 10:58:28,769 INFO 7768 [Timer] C:\Users\ZZH\Desktop\shoppingMall-master\server\node_modules\_egg-logrotator@3.1.0@egg-logrotator\app\schedule\rotate_by_file.js next time will execute after 46892231ms at 2020-11-19 00:00:01.000
2020-11-19 08:46:46,013 INFO 14344 [egg-schedule]: register schedule C:\Users\ZZH\Desktop\shoppingMall-master\server\node_modules\_egg-multipart@2.10.3@egg-multipart\app\schedule\clean_tmpdir.js
2020-11-19 08:46:46,013 INFO 14344 [egg-schedule]: register schedule C:\Users\ZZH\Desktop\shoppingMall-master\server\node_modules\_egg-logrotator@3.1.0@egg-logrotator\app\schedule\clean_log.js
2020-11-19 08:46:46,013 INFO 14344 [egg-schedule]: register schedule C:\Users\ZZH\Desktop\shoppingMall-master\server\node_modules\_egg-logrotator@3.1.0@egg-logrotator\app\schedule\rotate_by_file.js
2020-11-19 08:46:49,600 INFO 11852 [Timer] C:\Users\ZZH\Desktop\shoppingMall-master\server\node_modules\_egg-multipart@2.10.3@egg-multipart\app\schedule\clean_tmpdir.js next time will execute after 70990407ms at 2020-11-20 04:30:00.007
2020-11-19 08:46:49,601 INFO 11852 [Timer] C:\Users\ZZH\Desktop\shoppingMall-master\server\node_modules\_egg-logrotator@3.1.0@egg-logrotator\app\schedule\clean_log.js next time will execute after 54790400ms at 2020-11-20 00:00:00.001
2020-11-19 08:46:49,602 INFO 11852 [Timer] C:\Users\ZZH\Desktop\shoppingMall-master\server\node_modules\_egg-logrotator@3.1.0@egg-logrotator\app\schedule\rotate_by_file.js next time will execute after 54791399ms at 2020-11-20 00:00:01.001
2020-11-20 09:00:12,108 INFO 2532 [egg-schedule]: register schedule C:\Users\ZZH\Desktop\shoppingMall-master\server\node_modules\_egg-multipart@2.10.3@egg-multipart\app\schedule\clean_tmpdir.js
2020-11-20 09:00:12,108 INFO 2532 [egg-schedule]: register schedule C:\Users\ZZH\Desktop\shoppingMall-master\server\node_modules\_egg-logrotator@3.1.0@egg-logrotator\app\schedule\clean_log.js
2020-11-20 09:00:12,108 INFO 2532 [egg-schedule]: register schedule C:\Users\ZZH\Desktop\shoppingMall-master\server\node_modules\_egg-logrotator@3.1.0@egg-logrotator\app\schedule\rotate_by_file.js
2020-11-20 09:00:13,354 INFO 3984 [Timer] C:\Users\ZZH\Desktop\shoppingMall-master\server\node_modules\_egg-multipart@2.10.3@egg-multipart\app\schedule\clean_tmpdir.js next time will execute after 70186650ms at 2020-11-21 04:30:00.004
2020-11-20 09:00:13,354 INFO 3984 [Timer] C:\Users\ZZH\Desktop\shoppingMall-master\server\node_modules\_egg-logrotator@3.1.0@egg-logrotator\app\schedule\clean_log.js next time will execute after 53986646ms at 2020-11-21 00:00:00.000
2020-11-20 09:00:13,355 INFO 3984 [Timer] C:\Users\ZZH\Desktop\shoppingMall-master\server\node_modules\_egg-logrotator@3.1.0@egg-logrotator\app\schedule\rotate_by_file.js next time will execute after 53987645ms at 2020-11-21 00:00:01.000
2020-11-20 16:30:20,101 INFO 20956 [egg-schedule]: register schedule C:\Users\ZZH\Desktop\shoppingMall-master\server\node_modules\_egg-multipart@2.10.3@egg-multipart\app\schedule\clean_tmpdir.js
2020-11-20 16:30:20,101 INFO 20956 [egg-schedule]: register schedule C:\Users\ZZH\Desktop\shoppingMall-master\server\node_modules\_egg-logrotator@3.1.0@egg-logrotator\app\schedule\clean_log.js
2020-11-20 16:30:20,101 INFO 20956 [egg-schedule]: register schedule C:\Users\ZZH\Desktop\shoppingMall-master\server\node_modules\_egg-logrotator@3.1.0@egg-logrotator\app\schedule\rotate_by_file.js
2020-11-20 16:30:21,890 INFO 8644 [Timer] C:\Users\ZZH\Desktop\shoppingMall-master\server\node_modules\_egg-multipart@2.10.3@egg-multipart\app\schedule\clean_tmpdir.js next time will execute after 43178113ms at 2020-11-21 04:30:00.003
2020-11-20 16:30:21,891 INFO 8644 [Timer] C:\Users\ZZH\Desktop\shoppingMall-master\server\node_modules\_egg-logrotator@3.1.0@egg-logrotator\app\schedule\clean_log.js next time will execute after 26978110ms at 2020-11-21 00:00:00.001
2020-11-20 16:30:21,892 INFO 8644 [Timer] C:\Users\ZZH\Desktop\shoppingMall-master\server\node_modules\_egg-logrotator@3.1.0@egg-logrotator\app\schedule\rotate_by_file.js next time will execute after 26979109ms at 2020-11-21 00:00:01.001
