2020-07-02 00:00:01,027 INFO 12536 [egg-logrotator] app logger reload: got log-reload message
2020-07-02 08:54:50,179 INFO 10344 [egg:logger] init all loggers with options: {"dir":"F:\\项目练习\\shoppingmall\\server\\logs\\server","encoding":"utf8","env":"local","level":"INFO","consoleLevel":"INFO","disableConsoleAfterReady":false,"outputJSON":false,"buffer":true,"appLogName":"server-web.log","coreLogName":"egg-web.log","agentLogName":"egg-agent.log","errorLogName":"common-error.log","coreLogger":{"consoleLevel":"WARN"},"allowDebugAtProd":false,"type":"application"}
2020-07-02 08:54:50,227 INFO 10344 [egg-multipart] stream mode enable
2020-07-02 08:54:53,501 INFO 10344 [egg-mongoose] connecting mongodb://127.0.0.1/shoppingMall
2020-07-02 08:54:55,939 INFO 10344 [egg-static] starting static serve /public/ -> F:\项目练习\shoppingmall\server\app\public
2020-07-02 08:54:55,944 INFO 10344 [egg-security] use methodnoallow middleware
2020-07-02 08:54:55,945 INFO 10344 [egg-security] use noopen middleware
2020-07-02 08:54:55,948 INFO 10344 [egg-security] use nosniff middleware
2020-07-02 08:54:55,950 INFO 10344 [egg-security] use xssProtection middleware
2020-07-02 08:54:55,951 INFO 10344 [egg-security] use xframe middleware
2020-07-02 08:54:55,953 INFO 10344 [egg-security] use dta middleware
2020-07-02 08:54:55,953 INFO 10344 [egg-security] compose 6 middlewares into one security middleware
2020-07-02 08:54:56,065 INFO 10344 [egg:core] dump config after load, 7ms
2020-07-02 08:54:56,071 INFO 10344 [egg-mongoose] starting...
2020-07-02 08:54:56,249 INFO 10344 [egg-mongoose] mongodb://127.0.0.1/shoppingMall connected successfully
2020-07-02 08:54:56,264 INFO 10344 [egg-mongoose] instance[0] start successfully
2020-07-02 08:54:56,269 INFO 10344 [egg-watcher:application] watcher start success
2020-07-02 08:54:56,294 INFO 10344 [egg:core] dump config after ready, 21ms
2020-07-03 08:51:28,098 INFO 8212 [egg:logger] init all loggers with options: {"dir":"F:\\项目练习\\shoppingmall\\server\\logs\\server","encoding":"utf8","env":"local","level":"INFO","consoleLevel":"INFO","disableConsoleAfterReady":false,"outputJSON":false,"buffer":true,"appLogName":"server-web.log","coreLogName":"egg-web.log","agentLogName":"egg-agent.log","errorLogName":"common-error.log","coreLogger":{"consoleLevel":"WARN"},"allowDebugAtProd":false,"type":"application"}
2020-07-03 08:51:28,142 INFO 8212 [egg-multipart] stream mode enable
2020-07-03 08:51:31,280 INFO 8212 [egg-mongoose] connecting mongodb://127.0.0.1/shoppingMall
2020-07-03 08:51:33,869 INFO 8212 [egg-static] starting static serve /public/ -> F:\项目练习\shoppingmall\server\app\public
2020-07-03 08:51:33,875 INFO 8212 [egg-security] use methodnoallow middleware
2020-07-03 08:51:33,876 INFO 8212 [egg-security] use noopen middleware
2020-07-03 08:51:33,879 INFO 8212 [egg-security] use nosniff middleware
2020-07-03 08:51:33,881 INFO 8212 [egg-security] use xssProtection middleware
2020-07-03 08:51:33,882 INFO 8212 [egg-security] use xframe middleware
2020-07-03 08:51:33,883 INFO 8212 [egg-security] use dta middleware
2020-07-03 08:51:33,883 INFO 8212 [egg-security] compose 6 middlewares into one security middleware
2020-07-03 08:51:33,996 INFO 8212 [egg:core] dump config after load, 8ms
2020-07-03 08:51:34,003 INFO 8212 [egg-mongoose] starting...
2020-07-03 08:51:34,184 INFO 8212 [egg-mongoose] mongodb://127.0.0.1/shoppingMall connected successfully
2020-07-03 08:51:34,192 INFO 8212 [egg-mongoose] instance[0] start successfully
2020-07-03 08:51:34,212 INFO 8212 [egg-watcher:application] watcher start success
2020-07-03 08:51:34,229 INFO 8212 [egg:core] dump config after ready, 11ms
2020-11-08 15:09:50,898 INFO 9196 [egg:logger] init all loggers with options: {"dir":"C:\\Users\\ZZH\\Desktop\\shoppingMall-master\\server\\logs\\server","encoding":"utf8","env":"local","level":"INFO","consoleLevel":"INFO","disableConsoleAfterReady":false,"outputJSON":false,"buffer":true,"appLogName":"server-web.log","coreLogName":"egg-web.log","agentLogName":"egg-agent.log","errorLogName":"common-error.log","coreLogger":{"consoleLevel":"WARN"},"allowDebugAtProd":false,"type":"application"}
2020-11-08 15:09:50,929 INFO 9196 [egg-multipart] stream mode enable
2020-11-08 15:09:51,381 INFO 9196 [egg-mongoose] connecting mongodb://127.0.0.1/shoppingMall
2020-11-08 15:09:51,748 INFO 9196 [egg-static] starting static serve /public/ -> C:\Users\ZZH\Desktop\shoppingMall-master\server\app\public
2020-11-08 15:09:51,752 INFO 9196 [egg-security] use methodnoallow middleware
2020-11-08 15:09:51,753 INFO 9196 [egg-security] use noopen middleware
2020-11-08 15:09:51,755 INFO 9196 [egg-security] use nosniff middleware
2020-11-08 15:09:51,755 INFO 9196 [egg-security] use xssProtection middleware
2020-11-08 15:09:51,756 INFO 9196 [egg-security] use xframe middleware
2020-11-08 15:09:51,757 INFO 9196 [egg-security] use dta middleware
2020-11-08 15:09:51,757 INFO 9196 [egg-security] compose 6 middlewares into one security middleware
2020-11-08 15:09:51,780 INFO 9196 [egg:core] dump config after load, 7ms
2020-11-08 15:09:51,784 INFO 9196 [egg-mongoose] starting...
2020-11-08 15:09:51,845 INFO 9196 [egg-watcher:application] watcher start success
2020-11-08 15:09:51,857 INFO 9196 [egg-mongoose] mongodb://127.0.0.1/shoppingMall connected successfully
2020-11-08 15:09:51,864 INFO 9196 [egg-mongoose] instance[0] start successfully
2020-11-08 15:09:51,875 INFO 9196 [egg:core] dump config after ready, 9ms
2020-11-08 18:11:13,097 INFO 9836 [egg:logger] init all loggers with options: {"dir":"C:\\Users\\ZZH\\Desktop\\shoppingMall-master\\server\\logs\\server","encoding":"utf8","env":"local","level":"INFO","consoleLevel":"INFO","disableConsoleAfterReady":false,"outputJSON":false,"buffer":true,"appLogName":"server-web.log","coreLogName":"egg-web.log","agentLogName":"egg-agent.log","errorLogName":"common-error.log","coreLogger":{"consoleLevel":"WARN"},"allowDebugAtProd":false,"type":"application"}
2020-11-08 18:11:13,250 INFO 9836 [egg-multipart] stream mode enable
2020-11-08 18:11:16,301 INFO 9836 [egg-mongoose] connecting mongodb://127.0.0.1/shoppingMall
2020-11-08 18:11:18,082 INFO 9836 [egg-static] starting static serve /public/ -> C:\Users\ZZH\Desktop\shoppingMall-master\server\app\public
2020-11-08 18:11:18,095 INFO 9836 [egg-security] use methodnoallow middleware
2020-11-08 18:11:18,098 INFO 9836 [egg-security] use noopen middleware
2020-11-08 18:11:18,103 INFO 9836 [egg-security] use nosniff middleware
2020-11-08 18:11:18,107 INFO 9836 [egg-security] use xssProtection middleware
2020-11-08 18:11:18,110 INFO 9836 [egg-security] use xframe middleware
2020-11-08 18:11:18,114 INFO 9836 [egg-security] use dta middleware
2020-11-08 18:11:18,114 INFO 9836 [egg-security] compose 6 middlewares into one security middleware
2020-11-08 18:11:18,232 INFO 9836 [egg:core] dump config after load, 41ms
2020-11-08 18:11:18,300 INFO 9836 [egg-mongoose] starting...
2020-11-08 18:11:18,750 INFO 9836 [egg-mongoose] mongodb://127.0.0.1/shoppingMall connected successfully
2020-11-08 18:11:18,854 INFO 9836 [egg-mongoose] instance[0] start successfully
2020-11-08 18:11:18,891 INFO 9836 [egg-watcher:application] watcher start success
2020-11-08 18:11:18,980 INFO 9836 [egg:core] dump config after ready, 82ms
2020-11-08 22:31:38,591 INFO 6828 [egg:logger] init all loggers with options: {"dir":"C:\\Users\\ZZH\\Desktop\\shoppingMall-master\\server\\logs\\server","encoding":"utf8","env":"local","level":"INFO","consoleLevel":"INFO","disableConsoleAfterReady":false,"outputJSON":false,"buffer":true,"appLogName":"server-web.log","coreLogName":"egg-web.log","agentLogName":"egg-agent.log","errorLogName":"common-error.log","coreLogger":{"consoleLevel":"WARN"},"allowDebugAtProd":false,"type":"application"}
2020-11-08 22:31:38,619 INFO 6828 [egg-multipart] stream mode enable
2020-11-08 22:31:39,587 INFO 6828 [egg-mongoose] connecting mongodb://127.0.0.1/shoppingMall
2020-11-08 22:31:40,144 INFO 6828 [egg-static] starting static serve /public/ -> C:\Users\ZZH\Desktop\shoppingMall-master\server\app\public
2020-11-08 22:31:40,148 INFO 6828 [egg-security] use methodnoallow middleware
2020-11-08 22:31:40,149 INFO 6828 [egg-security] use noopen middleware
2020-11-08 22:31:40,151 INFO 6828 [egg-security] use nosniff middleware
2020-11-08 22:31:40,152 INFO 6828 [egg-security] use xssProtection middleware
2020-11-08 22:31:40,153 INFO 6828 [egg-security] use xframe middleware
2020-11-08 22:31:40,153 INFO 6828 [egg-security] use dta middleware
2020-11-08 22:31:40,153 INFO 6828 [egg-security] compose 6 middlewares into one security middleware
2020-11-08 22:31:40,181 INFO 6828 [egg:core] dump config after load, 5ms
2020-11-08 22:31:40,185 INFO 6828 [egg-mongoose] starting...
2020-11-08 22:31:40,233 INFO 6828 [egg-mongoose] mongodb://127.0.0.1/shoppingMall connected successfully
2020-11-08 22:31:40,245 INFO 6828 [egg-mongoose] instance[0] start successfully
2020-11-08 22:31:40,250 INFO 6828 [egg-watcher:application] watcher start success
2020-11-08 22:31:40,260 INFO 6828 [egg:core] dump config after ready, 9ms
2020-11-08 22:40:52,289 INFO 20008 [egg:logger] init all loggers with options: {"dir":"C:\\Users\\ZZH\\Desktop\\shoppingMall-master\\server\\logs\\server","encoding":"utf8","env":"local","level":"INFO","consoleLevel":"INFO","disableConsoleAfterReady":false,"outputJSON":false,"buffer":true,"appLogName":"server-web.log","coreLogName":"egg-web.log","agentLogName":"egg-agent.log","errorLogName":"common-error.log","coreLogger":{"consoleLevel":"WARN"},"allowDebugAtProd":false,"type":"application"}
2020-11-08 22:40:52,321 INFO 20008 [egg-multipart] stream mode enable
2020-11-08 22:40:52,724 INFO 20008 [egg-mongoose] connecting mongodb://127.0.0.1/shoppingMall
2020-11-08 22:40:53,057 INFO 20008 [egg-static] starting static serve /public/ -> C:\Users\ZZH\Desktop\shoppingMall-master\server\app\public
2020-11-08 22:40:53,060 INFO 20008 [egg-security] use methodnoallow middleware
2020-11-08 22:40:53,061 INFO 20008 [egg-security] use noopen middleware
2020-11-08 22:40:53,062 INFO 20008 [egg-security] use nosniff middleware
2020-11-08 22:40:53,063 INFO 20008 [egg-security] use xssProtection middleware
2020-11-08 22:40:53,063 INFO 20008 [egg-security] use xframe middleware
2020-11-08 22:40:53,064 INFO 20008 [egg-security] use dta middleware
2020-11-08 22:40:53,064 INFO 20008 [egg-security] compose 6 middlewares into one security middleware
2020-11-08 22:40:53,085 INFO 20008 [egg:core] dump config after load, 5ms
2020-11-08 22:40:53,089 INFO 20008 [egg-mongoose] starting...
2020-11-08 22:40:53,139 INFO 20008 [egg-mongoose] mongodb://127.0.0.1/shoppingMall connected successfully
2020-11-08 22:40:53,147 INFO 20008 [egg-mongoose] instance[0] start successfully
2020-11-08 22:40:53,153 INFO 20008 [egg-watcher:application] watcher start success
2020-11-08 22:40:53,164 INFO 20008 [egg:core] dump config after ready, 7ms
2020-11-09 08:34:34,932 INFO 14144 [egg:logger] init all loggers with options: {"dir":"C:\\Users\\ZZH\\Desktop\\shoppingMall-master\\server\\logs\\server","encoding":"utf8","env":"local","level":"INFO","consoleLevel":"INFO","disableConsoleAfterReady":false,"outputJSON":false,"buffer":true,"appLogName":"server-web.log","coreLogName":"egg-web.log","agentLogName":"egg-agent.log","errorLogName":"common-error.log","coreLogger":{"consoleLevel":"WARN"},"allowDebugAtProd":false,"type":"application"}
2020-11-09 08:34:34,958 INFO 14144 [egg-multipart] stream mode enable
2020-11-09 08:34:35,621 INFO 14144 [egg-mongoose] connecting mongodb://127.0.0.1/shoppingMall
2020-11-09 08:34:36,091 INFO 14144 [egg-static] starting static serve /public/ -> C:\Users\ZZH\Desktop\shoppingMall-master\server\app\public
2020-11-09 08:34:36,094 INFO 14144 [egg-security] use methodnoallow middleware
2020-11-09 08:34:36,095 INFO 14144 [egg-security] use noopen middleware
2020-11-09 08:34:36,096 INFO 14144 [egg-security] use nosniff middleware
2020-11-09 08:34:36,097 INFO 14144 [egg-security] use xssProtection middleware
2020-11-09 08:34:36,098 INFO 14144 [egg-security] use xframe middleware
2020-11-09 08:34:36,099 INFO 14144 [egg-security] use dta middleware
2020-11-09 08:34:36,099 INFO 14144 [egg-security] compose 6 middlewares into one security middleware
2020-11-09 08:34:36,126 INFO 14144 [egg:core] dump config after load, 8ms
2020-11-09 08:34:36,130 INFO 14144 [egg-mongoose] starting...
2020-11-09 08:34:36,176 INFO 14144 [egg-mongoose] mongodb://127.0.0.1/shoppingMall connected successfully
2020-11-09 08:34:36,183 INFO 14144 [egg-mongoose] instance[0] start successfully
2020-11-09 08:34:36,197 INFO 14144 [egg-watcher:application] watcher start success
2020-11-09 08:34:36,204 INFO 14144 [egg:core] dump config after ready, 6ms
2020-11-09 13:06:42,478 INFO 17516 [egg:logger] init all loggers with options: {"dir":"C:\\Users\\ZZH\\Desktop\\shoppingMall-master\\server\\logs\\server","encoding":"utf8","env":"local","level":"INFO","consoleLevel":"INFO","disableConsoleAfterReady":false,"outputJSON":false,"buffer":true,"appLogName":"server-web.log","coreLogName":"egg-web.log","agentLogName":"egg-agent.log","errorLogName":"common-error.log","coreLogger":{"consoleLevel":"WARN"},"allowDebugAtProd":false,"type":"application"}
2020-11-09 13:06:42,520 INFO 17516 [egg-multipart] stream mode enable
2020-11-09 13:06:43,390 INFO 17516 [egg-mongoose] connecting mongodb://127.0.0.1/shoppingMall
2020-11-09 13:06:44,060 INFO 17516 [egg-static] starting static serve /public/ -> C:\Users\ZZH\Desktop\shoppingMall-master\server\app\public
2020-11-09 13:06:44,063 INFO 17516 [egg-security] use methodnoallow middleware
2020-11-09 13:06:44,064 INFO 17516 [egg-security] use noopen middleware
2020-11-09 13:06:44,066 INFO 17516 [egg-security] use nosniff middleware
2020-11-09 13:06:44,067 INFO 17516 [egg-security] use xssProtection middleware
2020-11-09 13:06:44,068 INFO 17516 [egg-security] use xframe middleware
2020-11-09 13:06:44,070 INFO 17516 [egg-security] use dta middleware
2020-11-09 13:06:44,070 INFO 17516 [egg-security] compose 6 middlewares into one security middleware
2020-11-09 13:06:44,099 INFO 17516 [egg:core] dump config after load, 5ms
2020-11-09 13:06:44,106 INFO 17516 [egg-mongoose] starting...
2020-11-09 13:06:44,181 INFO 17516 [egg-mongoose] mongodb://127.0.0.1/shoppingMall connected successfully
2020-11-09 13:06:44,193 INFO 17516 [egg-mongoose] instance[0] start successfully
2020-11-09 13:06:44,195 INFO 17516 [egg-watcher:application] watcher start success
2020-11-09 13:06:44,211 INFO 17516 [egg:core] dump config after ready, 12ms
2020-11-10 08:42:08,758 INFO 5880 [egg:logger] init all loggers with options: {"dir":"C:\\Users\\ZZH\\Desktop\\shoppingMall-master\\server\\logs\\server","encoding":"utf8","env":"local","level":"INFO","consoleLevel":"INFO","disableConsoleAfterReady":false,"outputJSON":false,"buffer":true,"appLogName":"server-web.log","coreLogName":"egg-web.log","agentLogName":"egg-agent.log","errorLogName":"common-error.log","coreLogger":{"consoleLevel":"WARN"},"allowDebugAtProd":false,"type":"application"}
2020-11-10 08:42:08,800 INFO 5880 [egg-multipart] stream mode enable
2020-11-10 08:42:09,584 INFO 5880 [egg-mongoose] connecting mongodb://127.0.0.1/shoppingMall
2020-11-10 08:42:10,155 INFO 5880 [egg-static] starting static serve /public/ -> C:\Users\ZZH\Desktop\shoppingMall-master\server\app\public
2020-11-10 08:42:10,160 INFO 5880 [egg-security] use methodnoallow middleware
2020-11-10 08:42:10,161 INFO 5880 [egg-security] use noopen middleware
2020-11-10 08:42:10,163 INFO 5880 [egg-security] use nosniff middleware
2020-11-10 08:42:10,164 INFO 5880 [egg-security] use xssProtection middleware
2020-11-10 08:42:10,165 INFO 5880 [egg-security] use xframe middleware
2020-11-10 08:42:10,166 INFO 5880 [egg-security] use dta middleware
2020-11-10 08:42:10,166 INFO 5880 [egg-security] compose 6 middlewares into one security middleware
2020-11-10 08:42:10,202 INFO 5880 [egg:core] dump config after load, 15ms
2020-11-10 08:42:10,208 INFO 5880 [egg-mongoose] starting...
2020-11-10 08:42:10,268 INFO 5880 [egg-mongoose] mongodb://127.0.0.1/shoppingMall connected successfully
2020-11-10 08:42:10,285 INFO 5880 [egg-mongoose] instance[0] start successfully
2020-11-10 08:42:10,287 INFO 5880 [egg-watcher:application] watcher start success
2020-11-10 08:42:10,303 INFO 5880 [egg:core] dump config after ready, 10ms
2020-11-10 13:45:21,382 INFO 15388 [egg:logger] init all loggers with options: {"dir":"C:\\Users\\ZZH\\Desktop\\shoppingMall-master\\server\\logs\\server","encoding":"utf8","env":"local","level":"INFO","consoleLevel":"INFO","disableConsoleAfterReady":false,"outputJSON":false,"buffer":true,"appLogName":"server-web.log","coreLogName":"egg-web.log","agentLogName":"egg-agent.log","errorLogName":"common-error.log","coreLogger":{"consoleLevel":"WARN"},"allowDebugAtProd":false,"type":"application"}
2020-11-10 13:45:21,409 INFO 15388 [egg-multipart] stream mode enable
2020-11-10 13:45:22,140 INFO 15388 [egg-mongoose] connecting mongodb://127.0.0.1/shoppingMall
2020-11-10 13:45:22,790 INFO 15388 [egg-static] starting static serve /public/ -> C:\Users\ZZH\Desktop\shoppingMall-master\server\app\public
2020-11-10 13:45:22,794 INFO 15388 [egg-security] use methodnoallow middleware
2020-11-10 13:45:22,795 INFO 15388 [egg-security] use noopen middleware
2020-11-10 13:45:22,798 INFO 15388 [egg-security] use nosniff middleware
2020-11-10 13:45:22,798 INFO 15388 [egg-security] use xssProtection middleware
2020-11-10 13:45:22,799 INFO 15388 [egg-security] use xframe middleware
2020-11-10 13:45:22,800 INFO 15388 [egg-security] use dta middleware
2020-11-10 13:45:22,800 INFO 15388 [egg-security] compose 6 middlewares into one security middleware
2020-11-10 13:45:22,836 INFO 15388 [egg:core] dump config after load, 11ms
2020-11-10 13:45:22,842 INFO 15388 [egg-mongoose] starting...
2020-11-10 13:45:22,933 INFO 15388 [egg-watcher:application] watcher start success
2020-11-10 13:45:22,944 INFO 15388 [egg-mongoose] mongodb://127.0.0.1/shoppingMall connected successfully
2020-11-10 13:45:22,954 INFO 15388 [egg-mongoose] instance[0] start successfully
2020-11-10 13:45:22,969 INFO 15388 [egg:core] dump config after ready, 13ms
2020-11-10 16:10:31,031 WARN 15388 [ClusterClient:Watcher] follower closed, and try to init it again
2020-11-11 08:37:40,684 INFO 10336 [egg:logger] init all loggers with options: {"dir":"C:\\Users\\ZZH\\Desktop\\shoppingMall-master\\server\\logs\\server","encoding":"utf8","env":"local","level":"INFO","consoleLevel":"INFO","disableConsoleAfterReady":false,"outputJSON":false,"buffer":true,"appLogName":"server-web.log","coreLogName":"egg-web.log","agentLogName":"egg-agent.log","errorLogName":"common-error.log","coreLogger":{"consoleLevel":"WARN"},"allowDebugAtProd":false,"type":"application"}
2020-11-11 08:37:40,719 INFO 10336 [egg-multipart] stream mode enable
2020-11-11 08:37:41,520 INFO 10336 [egg-mongoose] connecting mongodb://127.0.0.1/shoppingMall
2020-11-11 08:37:42,167 INFO 10336 [egg-static] starting static serve /public/ -> C:\Users\ZZH\Desktop\shoppingMall-master\server\app\public
2020-11-11 08:37:42,171 INFO 10336 [egg-security] use methodnoallow middleware
2020-11-11 08:37:42,172 INFO 10336 [egg-security] use noopen middleware
2020-11-11 08:37:42,174 INFO 10336 [egg-security] use nosniff middleware
2020-11-11 08:37:42,175 INFO 10336 [egg-security] use xssProtection middleware
2020-11-11 08:37:42,175 INFO 10336 [egg-security] use xframe middleware
2020-11-11 08:37:42,176 INFO 10336 [egg-security] use dta middleware
2020-11-11 08:37:42,176 INFO 10336 [egg-security] compose 6 middlewares into one security middleware
2020-11-11 08:37:42,208 INFO 10336 [egg:core] dump config after load, 5ms
2020-11-11 08:37:42,213 INFO 10336 [egg-mongoose] starting...
2020-11-11 08:37:42,268 INFO 10336 [egg-mongoose] mongodb://127.0.0.1/shoppingMall connected successfully
2020-11-11 08:37:42,282 INFO 10336 [egg-mongoose] instance[0] start successfully
2020-11-11 08:37:42,284 INFO 10336 [egg-watcher:application] watcher start success
2020-11-11 08:37:42,292 INFO 10336 [egg:core] dump config after ready, 7ms
2020-11-12 08:34:07,336 INFO 11404 [egg:logger] init all loggers with options: {"dir":"C:\\Users\\ZZH\\Desktop\\shoppingMall-master\\server\\logs\\server","encoding":"utf8","env":"local","level":"INFO","consoleLevel":"INFO","disableConsoleAfterReady":false,"outputJSON":false,"buffer":true,"appLogName":"server-web.log","coreLogName":"egg-web.log","agentLogName":"egg-agent.log","errorLogName":"common-error.log","coreLogger":{"consoleLevel":"WARN"},"allowDebugAtProd":false,"type":"application"}
2020-11-12 08:34:07,363 INFO 11404 [egg-multipart] stream mode enable
2020-11-12 08:34:08,094 INFO 11404 [egg-mongoose] connecting mongodb://127.0.0.1/shoppingMall
2020-11-12 08:34:08,574 INFO 11404 [egg-static] starting static serve /public/ -> C:\Users\ZZH\Desktop\shoppingMall-master\server\app\public
2020-11-12 08:34:08,576 INFO 11404 [egg-security] use methodnoallow middleware
2020-11-12 08:34:08,577 INFO 11404 [egg-security] use noopen middleware
2020-11-12 08:34:08,578 INFO 11404 [egg-security] use nosniff middleware
2020-11-12 08:34:08,579 INFO 11404 [egg-security] use xssProtection middleware
2020-11-12 08:34:08,579 INFO 11404 [egg-security] use xframe middleware
2020-11-12 08:34:08,580 INFO 11404 [egg-security] use dta middleware
2020-11-12 08:34:08,580 INFO 11404 [egg-security] compose 6 middlewares into one security middleware
2020-11-12 08:34:08,606 INFO 11404 [egg:core] dump config after load, 7ms
2020-11-12 08:34:08,611 INFO 11404 [egg-mongoose] starting...
2020-11-12 08:34:08,659 INFO 11404 [egg-mongoose] mongodb://127.0.0.1/shoppingMall connected successfully
2020-11-12 08:34:08,670 INFO 11404 [egg-mongoose] instance[0] start successfully
2020-11-12 08:34:08,677 INFO 11404 [egg-watcher:application] watcher start success
2020-11-12 08:34:08,688 INFO 11404 [egg:core] dump config after ready, 9ms
2020-11-13 08:43:41,804 INFO 2356 [egg:logger] init all loggers with options: {"dir":"C:\\Users\\ZZH\\Desktop\\shoppingMall-master\\server\\logs\\server","encoding":"utf8","env":"local","level":"INFO","consoleLevel":"INFO","disableConsoleAfterReady":false,"outputJSON":false,"buffer":true,"appLogName":"server-web.log","coreLogName":"egg-web.log","agentLogName":"egg-agent.log","errorLogName":"common-error.log","coreLogger":{"consoleLevel":"WARN"},"allowDebugAtProd":false,"type":"application"}
2020-11-13 08:43:41,922 INFO 2356 [egg-multipart] stream mode enable
2020-11-13 08:43:43,765 INFO 2356 [egg-mongoose] connecting mongodb://127.0.0.1/shoppingMall
2020-11-13 08:43:45,594 INFO 2356 [egg-static] starting static serve /public/ -> C:\Users\ZZH\Desktop\shoppingMall-master\server\app\public
2020-11-13 08:43:45,601 INFO 2356 [egg-security] use methodnoallow middleware
2020-11-13 08:43:45,603 INFO 2356 [egg-security] use noopen middleware
2020-11-13 08:43:45,605 INFO 2356 [egg-security] use nosniff middleware
2020-11-13 08:43:45,607 INFO 2356 [egg-security] use xssProtection middleware
2020-11-13 08:43:45,608 INFO 2356 [egg-security] use xframe middleware
2020-11-13 08:43:45,609 INFO 2356 [egg-security] use dta middleware
2020-11-13 08:43:45,610 INFO 2356 [egg-security] compose 6 middlewares into one security middleware
2020-11-13 08:43:45,683 INFO 2356 [egg:core] dump config after load, 13ms
2020-11-13 08:43:45,698 INFO 2356 [egg-mongoose] starting...
2020-11-13 08:43:45,963 INFO 2356 [egg-mongoose] mongodb://127.0.0.1/shoppingMall connected successfully
2020-11-13 08:43:46,027 INFO 2356 [egg-mongoose] instance[0] start successfully
2020-11-13 08:43:46,118 INFO 2356 [egg-watcher:application] watcher start success
2020-11-13 08:43:46,278 INFO 2356 [egg:core] dump config after ready, 157ms
2020-11-14 11:01:21,831 INFO 1892 [egg:logger] init all loggers with options: {"dir":"C:\\Users\\ZZH\\Desktop\\shoppingMall-master\\server\\logs\\server","encoding":"utf8","env":"local","level":"INFO","consoleLevel":"INFO","disableConsoleAfterReady":false,"outputJSON":false,"buffer":true,"appLogName":"server-web.log","coreLogName":"egg-web.log","agentLogName":"egg-agent.log","errorLogName":"common-error.log","coreLogger":{"consoleLevel":"WARN"},"allowDebugAtProd":false,"type":"application"}
2020-11-14 11:01:21,980 INFO 1892 [egg-multipart] stream mode enable
2020-11-14 11:01:25,103 INFO 1892 [egg-mongoose] connecting mongodb://127.0.0.1/shoppingMall
2020-11-14 11:01:27,224 INFO 1892 [egg-static] starting static serve /public/ -> C:\Users\ZZH\Desktop\shoppingMall-master\server\app\public
2020-11-14 11:01:27,234 INFO 1892 [egg-security] use methodnoallow middleware
2020-11-14 11:01:27,236 INFO 1892 [egg-security] use noopen middleware
2020-11-14 11:01:27,241 INFO 1892 [egg-security] use nosniff middleware
2020-11-14 11:01:27,274 INFO 1892 [egg-security] use xssProtection middleware
2020-11-14 11:01:27,276 INFO 1892 [egg-security] use xframe middleware
2020-11-14 11:01:27,278 INFO 1892 [egg-security] use dta middleware
2020-11-14 11:01:27,278 INFO 1892 [egg-security] compose 6 middlewares into one security middleware
2020-11-14 11:01:27,356 INFO 1892 [egg:core] dump config after load, 14ms
2020-11-14 11:01:27,365 INFO 1892 [egg-mongoose] starting...
2020-11-14 11:01:27,472 INFO 1892 [egg-watcher:application] watcher start success
2020-11-14 11:01:27,481 INFO 1892 [egg-mongoose] mongodb://127.0.0.1/shoppingMall connected successfully
2020-11-14 11:01:27,558 INFO 1892 [egg-mongoose] instance[0] start successfully
2020-11-14 11:01:27,578 INFO 1892 [egg:core] dump config after ready, 17ms
2020-11-16 09:23:17,417 INFO 2996 [egg:logger] init all loggers with options: {"dir":"C:\\Users\\ZZH\\Desktop\\shoppingMall-master\\server\\logs\\server","encoding":"utf8","env":"local","level":"INFO","consoleLevel":"INFO","disableConsoleAfterReady":false,"outputJSON":false,"buffer":true,"appLogName":"server-web.log","coreLogName":"egg-web.log","agentLogName":"egg-agent.log","errorLogName":"common-error.log","coreLogger":{"consoleLevel":"WARN"},"allowDebugAtProd":false,"type":"application"}
2020-11-16 09:23:17,451 INFO 2996 [egg-multipart] stream mode enable
2020-11-16 09:23:18,187 INFO 2996 [egg-mongoose] connecting mongodb://127.0.0.1/shoppingMall
2020-11-16 09:23:18,760 INFO 2996 [egg-static] starting static serve /public/ -> C:\Users\ZZH\Desktop\shoppingMall-master\server\app\public
2020-11-16 09:23:18,765 INFO 2996 [egg-security] use methodnoallow middleware
2020-11-16 09:23:18,767 INFO 2996 [egg-security] use noopen middleware
2020-11-16 09:23:18,769 INFO 2996 [egg-security] use nosniff middleware
2020-11-16 09:23:18,770 INFO 2996 [egg-security] use xssProtection middleware
2020-11-16 09:23:18,771 INFO 2996 [egg-security] use xframe middleware
2020-11-16 09:23:18,771 INFO 2996 [egg-security] use dta middleware
2020-11-16 09:23:18,771 INFO 2996 [egg-security] compose 6 middlewares into one security middleware
2020-11-16 09:23:18,803 INFO 2996 [egg:core] dump config after load, 8ms
2020-11-16 09:23:18,807 INFO 2996 [egg-mongoose] starting...
2020-11-16 09:23:18,873 INFO 2996 [egg-mongoose] mongodb://127.0.0.1/shoppingMall connected successfully
2020-11-16 09:23:18,882 INFO 2996 [egg-mongoose] instance[0] start successfully
2020-11-16 09:23:18,884 INFO 2996 [egg-watcher:application] watcher start success
2020-11-16 09:23:18,893 INFO 2996 [egg:core] dump config after ready, 8ms
2020-11-17 08:28:57,147 INFO 13632 [egg:logger] init all loggers with options: {"dir":"C:\\Users\\ZZH\\Desktop\\shoppingMall-master\\server\\logs\\server","encoding":"utf8","env":"local","level":"INFO","consoleLevel":"INFO","disableConsoleAfterReady":false,"outputJSON":false,"buffer":true,"appLogName":"server-web.log","coreLogName":"egg-web.log","agentLogName":"egg-agent.log","errorLogName":"common-error.log","coreLogger":{"consoleLevel":"WARN"},"allowDebugAtProd":false,"type":"application"}
2020-11-17 08:28:57,231 INFO 13632 [egg-multipart] stream mode enable
2020-11-17 08:28:59,031 INFO 13632 [egg-mongoose] connecting mongodb://127.0.0.1/shoppingMall
2020-11-17 08:29:00,318 INFO 13632 [egg-static] starting static serve /public/ -> C:\Users\ZZH\Desktop\shoppingMall-master\server\app\public
2020-11-17 08:29:00,328 INFO 13632 [egg-security] use methodnoallow middleware
2020-11-17 08:29:00,332 INFO 13632 [egg-security] use noopen middleware
2020-11-17 08:29:00,338 INFO 13632 [egg-security] use nosniff middleware
2020-11-17 08:29:00,340 INFO 13632 [egg-security] use xssProtection middleware
2020-11-17 08:29:00,342 INFO 13632 [egg-security] use xframe middleware
2020-11-17 08:29:00,344 INFO 13632 [egg-security] use dta middleware
2020-11-17 08:29:00,344 INFO 13632 [egg-security] compose 6 middlewares into one security middleware
2020-11-17 08:29:00,405 INFO 13632 [egg:core] dump config after load, 12ms
2020-11-17 08:29:00,426 INFO 13632 [egg-mongoose] starting...
2020-11-17 08:29:00,667 INFO 13632 [egg-mongoose] mongodb://127.0.0.1/shoppingMall connected successfully
2020-11-17 08:29:00,748 INFO 13632 [egg-mongoose] instance[0] start successfully
2020-11-17 08:29:00,753 INFO 13632 [egg-watcher:application] watcher start success
2020-11-17 08:29:00,783 INFO 13632 [egg:core] dump config after ready, 22ms
2020-11-17 11:56:11,831 WARN 13632 [ClusterClient:Watcher] follower closed, and try to init it again
2020-11-18 10:58:22,067 INFO 14256 [egg:logger] init all loggers with options: {"dir":"C:\\Users\\ZZH\\Desktop\\shoppingMall-master\\server\\logs\\server","encoding":"utf8","env":"local","level":"INFO","consoleLevel":"INFO","disableConsoleAfterReady":false,"outputJSON":false,"buffer":true,"appLogName":"server-web.log","coreLogName":"egg-web.log","agentLogName":"egg-agent.log","errorLogName":"common-error.log","coreLogger":{"consoleLevel":"WARN"},"allowDebugAtProd":false,"type":"application"}
2020-11-18 10:58:22,404 INFO 14256 [egg-multipart] stream mode enable
2020-11-18 10:58:25,316 INFO 14256 [egg-mongoose] connecting mongodb://127.0.0.1/shoppingMall
2020-11-18 10:58:28,353 INFO 14256 [egg-static] starting static serve /public/ -> C:\Users\ZZH\Desktop\shoppingMall-master\server\app\public
2020-11-18 10:58:28,361 INFO 14256 [egg-security] use methodnoallow middleware
2020-11-18 10:58:28,364 INFO 14256 [egg-security] use noopen middleware
2020-11-18 10:58:28,368 INFO 14256 [egg-security] use nosniff middleware
2020-11-18 10:58:28,370 INFO 14256 [egg-security] use xssProtection middleware
2020-11-18 10:58:28,372 INFO 14256 [egg-security] use xframe middleware
2020-11-18 10:58:28,374 INFO 14256 [egg-security] use dta middleware
2020-11-18 10:58:28,375 INFO 14256 [egg-security] compose 6 middlewares into one security middleware
2020-11-18 10:58:28,447 INFO 14256 [egg:core] dump config after load, 20ms
2020-11-18 10:58:28,454 INFO 14256 [egg-mongoose] starting...
2020-11-18 10:58:28,655 INFO 14256 [egg-watcher:application] watcher start success
2020-11-18 10:58:28,689 INFO 14256 [egg-mongoose] mongodb://127.0.0.1/shoppingMall connected successfully
2020-11-18 10:58:28,704 INFO 14256 [egg-mongoose] instance[0] start successfully
2020-11-18 10:58:28,754 INFO 14256 [egg:core] dump config after ready, 46ms
2020-11-18 12:44:00,530 WARN 14256 [ClusterClient:Watcher] follower closed, and try to init it again
2020-11-19 08:46:45,906 INFO 14344 [egg:logger] init all loggers with options: {"dir":"C:\\Users\\ZZH\\Desktop\\shoppingMall-master\\server\\logs\\server","encoding":"utf8","env":"local","level":"INFO","consoleLevel":"INFO","disableConsoleAfterReady":false,"outputJSON":false,"buffer":true,"appLogName":"server-web.log","coreLogName":"egg-web.log","agentLogName":"egg-agent.log","errorLogName":"common-error.log","coreLogger":{"consoleLevel":"WARN"},"allowDebugAtProd":false,"type":"application"}
2020-11-19 08:46:46,014 INFO 14344 [egg-multipart] stream mode enable
2020-11-19 08:46:48,084 INFO 14344 [egg-mongoose] connecting mongodb://127.0.0.1/shoppingMall
2020-11-19 08:46:49,248 INFO 14344 [egg-static] starting static serve /public/ -> C:\Users\ZZH\Desktop\shoppingMall-master\server\app\public
2020-11-19 08:46:49,256 INFO 14344 [egg-security] use methodnoallow middleware
2020-11-19 08:46:49,258 INFO 14344 [egg-security] use noopen middleware
2020-11-19 08:46:49,262 INFO 14344 [egg-security] use nosniff middleware
2020-11-19 08:46:49,264 INFO 14344 [egg-security] use xssProtection middleware
2020-11-19 08:46:49,266 INFO 14344 [egg-security] use xframe middleware
2020-11-19 08:46:49,268 INFO 14344 [egg-security] use dta middleware
2020-11-19 08:46:49,268 INFO 14344 [egg-security] compose 6 middlewares into one security middleware
2020-11-19 08:46:49,336 INFO 14344 [egg:core] dump config after load, 24ms
2020-11-19 08:46:49,349 INFO 14344 [egg-mongoose] starting...
2020-11-19 08:46:49,504 INFO 14344 [egg-mongoose] mongodb://127.0.0.1/shoppingMall connected successfully
2020-11-19 08:46:49,526 INFO 14344 [egg-mongoose] instance[0] start successfully
2020-11-19 08:46:49,530 INFO 14344 [egg-watcher:application] watcher start success
2020-11-19 08:46:49,569 INFO 14344 [egg:core] dump config after ready, 33ms
2020-11-20 09:00:12,077 INFO 2532 [egg:logger] init all loggers with options: {"dir":"C:\\Users\\ZZH\\Desktop\\shoppingMall-master\\server\\logs\\server","encoding":"utf8","env":"local","level":"INFO","consoleLevel":"INFO","disableConsoleAfterReady":false,"outputJSON":false,"buffer":true,"appLogName":"server-web.log","coreLogName":"egg-web.log","agentLogName":"egg-agent.log","errorLogName":"common-error.log","coreLogger":{"consoleLevel":"WARN"},"allowDebugAtProd":false,"type":"application"}
2020-11-20 09:00:12,108 INFO 2532 [egg-multipart] stream mode enable
2020-11-20 09:00:12,768 INFO 2532 [egg-mongoose] connecting mongodb://127.0.0.1/shoppingMall
2020-11-20 09:00:13,233 INFO 2532 [egg-static] starting static serve /public/ -> C:\Users\ZZH\Desktop\shoppingMall-master\server\app\public
2020-11-20 09:00:13,236 INFO 2532 [egg-security] use methodnoallow middleware
2020-11-20 09:00:13,237 INFO 2532 [egg-security] use noopen middleware
2020-11-20 09:00:13,238 INFO 2532 [egg-security] use nosniff middleware
2020-11-20 09:00:13,239 INFO 2532 [egg-security] use xssProtection middleware
2020-11-20 09:00:13,239 INFO 2532 [egg-security] use xframe middleware
2020-11-20 09:00:13,240 INFO 2532 [egg-security] use dta middleware
2020-11-20 09:00:13,240 INFO 2532 [egg-security] compose 6 middlewares into one security middleware
2020-11-20 09:00:13,265 INFO 2532 [egg:core] dump config after load, 6ms
2020-11-20 09:00:13,268 INFO 2532 [egg-mongoose] starting...
2020-11-20 09:00:13,324 INFO 2532 [egg-mongoose] mongodb://127.0.0.1/shoppingMall connected successfully
2020-11-20 09:00:13,333 INFO 2532 [egg-mongoose] instance[0] start successfully
2020-11-20 09:00:13,334 INFO 2532 [egg-watcher:application] watcher start success
2020-11-20 09:00:13,344 INFO 2532 [egg:core] dump config after ready, 7ms
2020-11-20 10:15:49,857 WARN 2532 [ClusterClient:Watcher] follower closed, and try to init it again
2020-11-20 12:44:47,745 WARN 2532 [ClusterClient:Watcher] follower closed, and try to init it again
2020-11-20 16:30:20,058 INFO 20956 [egg:logger] init all loggers with options: {"dir":"C:\\Users\\ZZH\\Desktop\\shoppingMall-master\\server\\logs\\server","encoding":"utf8","env":"local","level":"INFO","consoleLevel":"INFO","disableConsoleAfterReady":false,"outputJSON":false,"buffer":true,"appLogName":"server-web.log","coreLogName":"egg-web.log","agentLogName":"egg-agent.log","errorLogName":"common-error.log","coreLogger":{"consoleLevel":"WARN"},"allowDebugAtProd":false,"type":"application"}
2020-11-20 16:30:20,102 INFO 20956 [egg-multipart] stream mode enable
2020-11-20 16:30:21,016 INFO 20956 [egg-mongoose] connecting mongodb://127.0.0.1/shoppingMall
2020-11-20 16:30:21,688 INFO 20956 [egg-static] starting static serve /public/ -> C:\Users\ZZH\Desktop\shoppingMall-master\server\app\public
2020-11-20 16:30:21,694 INFO 20956 [egg-security] use methodnoallow middleware
2020-11-20 16:30:21,696 INFO 20956 [egg-security] use noopen middleware
2020-11-20 16:30:21,699 INFO 20956 [egg-security] use nosniff middleware
2020-11-20 16:30:21,700 INFO 20956 [egg-security] use xssProtection middleware
2020-11-20 16:30:21,701 INFO 20956 [egg-security] use xframe middleware
2020-11-20 16:30:21,701 INFO 20956 [egg-security] use dta middleware
2020-11-20 16:30:21,702 INFO 20956 [egg-security] compose 6 middlewares into one security middleware
2020-11-20 16:30:21,736 INFO 20956 [egg:core] dump config after load, 9ms
2020-11-20 16:30:21,742 INFO 20956 [egg-mongoose] starting...
2020-11-20 16:30:21,837 INFO 20956 [egg-mongoose] mongodb://127.0.0.1/shoppingMall connected successfully
2020-11-20 16:30:21,852 INFO 20956 [egg-mongoose] instance[0] start successfully
2020-11-20 16:30:21,855 INFO 20956 [egg-watcher:application] watcher start success
2020-11-20 16:30:21,878 INFO 20956 [egg:core] dump config after ready, 18ms
